<?xml version="1.0" encoding="UTF-8"?>
<!-- Generated by org.testng.reporters.JUnitReportReporter -->
<testsuite hostname="DESKTOP-QR026C9" failures="0" tests="3" name="com.qa.base.Project" time="0.860" errors="0" timestamp="2024-02-29T15:24:33 IST" skipped="0">
  <testcase classname="com.qa.base.Project" name="linkText" time="0.610"/>
  <testcase classname="com.qa.base.Project" name="compare" time="0.037"/>
  <testcase classname="com.qa.base.Project" name="login" time="0.213"/>
</testsuite> <!-- com.qa.base.Project -->
